2024-11-05 20:25:42,629 INFO: LAPKA Chat Bot startup [in C:\Users\temp_user\Desktop\lesproj\Dayray\ai.py:38]
2024-11-05 20:28:35,025 INFO: LAPKA Chat Bot startup [in C:\Users\temp_user\Desktop\lesproj\Dayray\ai.py:38]
2024-11-05 20:29:20,177 INFO: LAPKA Chat Bot startup [in C:\Users\temp_user\Desktop\lesproj\Dayray\ai.py:38]
2024-11-05 20:30:01,535 INFO: Index page accessed [in C:\Users\temp_user\Desktop\lesproj\Dayray\ai.py:114]
2024-11-05 20:30:47,531 INFO: LAPKA Chat Bot startup [in C:\Users\temp_user\Desktop\lesproj\Dayray\ai.py:38]
2024-11-05 20:31:28,735 INFO: chat_api page accessed [in C:\Users\temp_user\Desktop\lesproj\Dayray\ai.py:114]
2024-11-05 20:32:00,336 INFO: LAPKA Chat Bot startup [in C:\Users\temp_user\Desktop\lesproj\Dayray\ai.py:38]
2024-11-05 20:32:42,211 INFO: html page accessed [in C:\Users\temp_user\Desktop\lesproj\Dayray\ai.py:114]
2024-11-05 20:33:23,710 INFO: LAPKA Chat Bot startup [in C:\Users\temp_user\Desktop\lesproj\Dayray\ai.py:38]
2024-11-05 20:35:42,119 INFO: html page accessed [in C:\Users\temp_user\Desktop\lesproj\Dayray\ai.py:114]
2024-11-05 20:38:16,974 INFO: LAPKA Chat Bot startup [in C:\Users\temp_user\Desktop\lesproj\Dayray\ai.py:38]
2024-11-05 20:38:59,938 INFO: html page accessed [in C:\Users\temp_user\Desktop\lesproj\Dayray\ai.py:114]
2024-11-05 20:39:48,294 INFO: LAPKA Chat Bot startup [in C:\Users\temp_user\Desktop\lesproj\Dayray\ai.py:38]
2024-11-05 20:40:32,867 INFO: LAPKA Chat Bot startup [in C:\Users\temp_user\Desktop\lesproj\Dayray\ai.py:38]
2024-11-05 20:41:17,195 INFO: html page accessed [in C:\Users\temp_user\Desktop\lesproj\Dayray\ai.py:114]
2024-11-05 20:41:45,629 INFO: LAPKA Chat Bot startup [in C:\Users\temp_user\Desktop\lesproj\Dayray\ai.py:38]
2024-11-05 20:42:28,115 INFO: html page accessed [in C:\Users\temp_user\Desktop\lesproj\Dayray\ai.py:114]
2024-11-05 20:42:41,832 INFO: Received chat request: привет [in C:\Users\temp_user\Desktop\lesproj\Dayray\ai.py:129]
2024-11-05 20:42:43,869 INFO: Generated answer: ѕривет! „ем могу помочь? [in C:\Users\temp_user\Desktop\lesproj\Dayray\ai.py:134]
2024-11-05 20:43:00,114 INFO: Received chat request: что посоветуешь дл€ питани€ щенка 5 мес€цев [in C:\Users\temp_user\Desktop\lesproj\Dayray\ai.py:129]
2024-11-05 20:43:04,382 INFO: Generated answer: ƒл€ питани€ щенка 5 мес€цев € бы порекомендовал корм Lilys Kitchen Chicken & Duck. Ётот органический корм с курицей и уткой подойдет дл€ щенков с чувствительным пищеварением. ќн обеспечит вашего питомца всеми необходимыми питательными веществами. ” нас в наличии имеетс€ 30 штук данного корма по цене 5300.00$ за штуку. [in C:\Users\temp_user\Desktop\lesproj\Dayray\ai.py:134]
2024-11-06 15:15:46,239 INFO: LAPKA Chat Bot startup [in C:\Users\temp_user\Desktop\lesproj\Dayray\ai.py:38]
2024-11-06 15:16:32,480 INFO: LAPKA Chat Bot startup [in C:\Users\temp_user\Desktop\lesproj\Dayray\ai.py:38]
2024-11-06 15:17:17,173 INFO: html page accessed [in C:\Users\temp_user\Desktop\lesproj\Dayray\ai.py:114]
2024-11-06 15:17:54,474 INFO: LAPKA Chat Bot startup [in C:\Users\temp_user\Desktop\lesproj\Dayray\ai.py:38]
2024-11-06 15:19:08,102 INFO: LAPKA Chat Bot startup [in C:\Users\temp_user\Desktop\lesproj\Dayray\ai.py:38]
2024-11-06 15:19:50,013 INFO: LAPKA Chat Bot startup [in C:\Users\temp_user\Desktop\lesproj\Dayray\ai.py:38]
2024-11-06 15:20:30,408 INFO: html page accessed [in C:\Users\temp_user\Desktop\lesproj\Dayray\ai.py:114]
2024-11-06 15:43:29,008 INFO: LAPKA Chat Bot startup [in C:\Step\Diploma\Dayray\ai.py:38]
2024-11-06 15:43:58,288 INFO: LAPKA Chat Bot startup [in C:\Step\Diploma\Dayray\ai.py:38]
2024-11-06 15:44:18,024 INFO: LAPKA Chat Bot startup [in C:\Step\Diploma\Dayray\ai.py:38]
2024-11-06 15:45:10,614 INFO: LAPKA Chat Bot startup [in C:\Step\Diploma\Dayray\ai.py:38]
2024-11-06 15:46:18,542 INFO: html page accessed [in C:\Step\Diploma\Dayray\ai.py:114]
2024-11-06 15:46:25,979 INFO: Received chat request: привет [in C:\Step\Diploma\Dayray\ai.py:129]
2024-11-06 15:46:27,539 INFO: Generated answer: ѕривет! „ем могу помочь? [in C:\Step\Diploma\Dayray\ai.py:134]
2024-11-06 15:46:39,183 INFO: Received chat request: у мен€ там щенок, что ему есть? [in C:\Step\Diploma\Dayray\ai.py:129]
2024-11-06 15:46:43,018 INFO: Generated answer: ƒл€ вашего щенка мы можем порекомендовать органический корм Lilys Kitchen Chicken & Duck. Ётот корм содержит курицу и утку, идеально подходит дл€ собак с чувствительным пищеварением. ¬ы можете приобрести его за 5300.00$. ” нас в наличии есть 30 штук, так что вы можете приобрести его пр€мо сейчас. [in C:\Step\Diploma\Dayray\ai.py:134]
2024-11-06 15:47:20,708 INFO: LAPKA Chat Bot startup [in C:\Step\Diploma\Dayray\ai.py:38]
2024-11-06 16:10:15,931 INFO: LAPKA Chat Bot startup [in C:\Step\Diploma\Dayray\ai.py:38]
2024-11-06 16:11:02,904 INFO: html page accessed [in C:\Step\Diploma\Dayray\ai.py:114]
2024-11-06 16:11:32,291 INFO: html page accessed [in C:\Step\Diploma\Dayray\ai.py:114]
2024-11-06 16:11:37,669 INFO: Received chat request: пртвивнт [in C:\Step\Diploma\Dayray\ai.py:129]
2024-11-06 16:11:40,780 INFO: Generated answer: «дравствуйте!  ак € могу помочь вам сегодн€? ≈сли у вас есть какие-то вопросы о товарах в нашем зоомагазине 'LAPKA', € готов вам помочь. [in C:\Step\Diploma\Dayray\ai.py:134]
